1: package thinking_in_java.io18;
2: 
3: import java.io.*;
4: 
5: public class BasicFileOutput {
6:     static String file = "src/thinking_in_java/io18/BasicFileOutput.out";
7:     public static void main(String[] args) throws IOException {
8:         BufferedReader in = new BufferedReader(
9:                 new StringReader(
10:                         BufferedInputFile.read("src/thinking_in_java/io18/BasicFileOutput.java")));
11: //        PrintWriter out = new PrintWriter(
12: //                new BufferedWriter(new FileWriter(file)));
13:         PrintWriter out = new PrintWriter(file);
14:         int lineCount = 1;
15:         String s;
16:         while((s = in.readLine()) != null )
17:             out.println(lineCount++ + ": " + s);
18:         out.close();
19:         // Show the stored file:
20:         System.out.println(BufferedInputFile.read(file));
21:     }
22: }
